<?xml version="1.0" encoding="UTF-8"?>
<!-- Generated by org.testng.reporters.JUnitXMLReporter -->
<testsuite ignored="0" hostname="DESKTOP-4JL3E0L" failures="0" tests="5" name="Default test" time="31.703" errors="0" timestamp="2023-10-07T17:46:52 IST">
  <testcase classname="com.autoIt.OrangeHRMApplicationAutoIt" name="applicationLogin" time="2.634"/>
  <testcase classname="com.autoIt.OrangeHRMApplicationAutoIt" name="validateWelcom" time="0.302"/>
  <testcase classname="com.autoIt.OrangeHRMApplicationAutoIt" name="pim" time="0.229"/>
  <testcase classname="com.autoIt.OrangeHRMApplicationAutoIt" name="addEmployee" time="19.455"/>
  <testcase classname="com.autoIt.OrangeHRMApplicationAutoIt" name="logOut" time="3.984"/>
</testsuite> <!-- Default test -->
