<?xml version="1.0" encoding="UTF-8"?>
<testng-results ignored="0" total="1" passed="1" failed="0" skipped="0">
  <reporter-output>
  </reporter-output>
  <suite started-at="2023-10-11T17:46:48 IST" name="Default suite" finished-at="2023-10-11T17:46:53 IST" duration-ms="5638">
    <groups>
    </groups>
    <test started-at="2023-10-11T17:46:48 IST" name="Default test" finished-at="2023-10-11T17:46:53 IST" duration-ms="5638">
      <class name="com.StepDefinition.POMEg">
        <test-method is-config="true" signature="setUp()[pri:0, instance:com.StepDefinition.POMEg@7bd7d6d6]" started-at="2023-10-11T17:46:48 IST" name="setUp" finished-at="2023-10-11T17:46:53 IST" duration-ms="4974" status="PASS">
          <reporter-output>
          </reporter-output>
        </test-method> <!-- setUp -->
        <test-method signature="setting()[pri:0, instance:com.StepDefinition.POMEg@7bd7d6d6]" started-at="2023-10-11T17:46:53 IST" name="setting" finished-at="2023-10-11T17:46:53 IST" duration-ms="427" status="PASS">
          <reporter-output>
          </reporter-output>
        </test-method> <!-- setting -->
        <test-method is-config="true" signature="tearDown()[pri:0, instance:com.StepDefinition.POMEg@7bd7d6d6]" started-at="2023-10-11T17:46:53 IST" name="tearDown" finished-at="2023-10-11T17:46:53 IST" duration-ms="160" status="PASS">
          <reporter-output>
          </reporter-output>
        </test-method> <!-- tearDown -->
      </class> <!-- com.StepDefinition.POMEg -->
    </test> <!-- Default test -->
  </suite> <!-- Default suite -->
</testng-results>
