<?xml version="1.0" encoding="UTF-8"?>
<testng-results ignored="0" total="4" passed="4" failed="0" skipped="0">
  <reporter-output>
  </reporter-output>
  <suite started-at="2023-10-04T17:44:30 IST" name="Default suite" finished-at="2023-10-04T17:44:39 IST" duration-ms="8590">
    <groups>
    </groups>
    <test started-at="2023-10-04T17:44:30 IST" name="Default test" finished-at="2023-10-04T17:44:39 IST" duration-ms="8590">
      <class name="com.autoIt.OrangeHRMApplicationAutoIt">
        <test-method is-config="true" signature="setUp()[pri:0, instance:com.autoIt.OrangeHRMApplicationAutoIt@4d465b11]" started-at="2023-10-04T17:44:30 IST" name="setUp" finished-at="2023-10-04T17:44:35 IST" duration-ms="4345" status="PASS">
          <reporter-output>
          </reporter-output>
        </test-method> <!-- setUp -->
        <test-method signature="applicationLogin()[pri:1, instance:com.autoIt.OrangeHRMApplicationAutoIt@4d465b11]" started-at="2023-10-04T17:44:35 IST" name="applicationLogin" finished-at="2023-10-04T17:44:37 IST" duration-ms="2433" status="PASS">
          <reporter-output>
          </reporter-output>
        </test-method> <!-- applicationLogin -->
        <test-method signature="validateWelcom()[pri:2, instance:com.autoIt.OrangeHRMApplicationAutoIt@4d465b11]" started-at="2023-10-04T17:44:37 IST" name="validateWelcom" finished-at="2023-10-04T17:44:37 IST" duration-ms="109" status="PASS">
          <reporter-output>
          </reporter-output>
        </test-method> <!-- validateWelcom -->
        <test-method signature="pim()[pri:3, instance:com.autoIt.OrangeHRMApplicationAutoIt@4d465b11]" started-at="2023-10-04T17:44:37 IST" name="pim" finished-at="2023-10-04T17:44:37 IST" duration-ms="234" status="PASS">
          <reporter-output>
          </reporter-output>
        </test-method> <!-- pim -->
        <test-method signature="addEmployee()[pri:4, instance:com.autoIt.OrangeHRMApplicationAutoIt@4d465b11]" started-at="2023-10-04T17:44:37 IST" name="addEmployee" finished-at="2023-10-04T17:44:39 IST" duration-ms="1389" status="PASS">
          <reporter-output>
          </reporter-output>
        </test-method> <!-- addEmployee -->
      </class> <!-- com.autoIt.OrangeHRMApplicationAutoIt -->
    </test> <!-- Default test -->
  </suite> <!-- Default suite -->
</testng-results>
